
**** 06/16/20 12:56:47 ******* PSpice Lite (March 2016) ******* ID# 10813 ****

 ** Profile: "SCHEMATIC1-orcad14week7"  [ C:\Users\OHSEHOON\Desktop\pispice\orcad14week7-PSpiceFiles\SCHEMATIC1\orcad14week7.sim ] 


 ****     CIRCUIT DESCRIPTION


******************************************************************************




** Creating circuit file "orcad14week7.cir" 
** WARNING: THIS AUTOMATICALLY GENERATED FILE MAY BE OVERWRITTEN BY SUBSEQUENT SIMULATIONS

*Libraries: 
* Profile Libraries :
* Local Libraries :
* From [PSPICE NETLIST] section of C:\Users\OHSEHOON\AppData\Roaming\SPB_Data\cdssetup\OrCAD_PSpice\17.2.0\PSpice.ini file:
.lib "nomd.lib" 

*Analysis directives: 
.DC LIN V_V1 -100 250 1 
.OPTIONS ADVCONV
.PROBE64 V(alias(*)) I(alias(*)) W(alias(*)) D(alias(*)) NOISE(alias(*)) 
.INC "..\SCHEMATIC1.net" 



**** INCLUDING SCHEMATIC1.net ****
* source ORCAD14WEEK7
V_V1         N00140 N00147 0Vdc
R_R1         N00140 N00133  1k TC=0,0 
R_R2         0 N00126  1k TC=0,0 
X_X1         N00133 N00126 N00147 2N5444

**** RESUMING orcad14week7.cir ****
.END

**** 06/16/20 12:56:47 ******* PSpice Lite (March 2016) ******* ID# 10813 ****

 ** Profile: "SCHEMATIC1-orcad14week7"  [ C:\Users\OHSEHOON\Desktop\pispice\orcad14week7-PSpiceFiles\SCHEMATIC1\orcad14week7.sim ] 


 ****     Diode MODEL PARAMETERS


******************************************************************************




               X_X1.X1.Dgk     X_X1.X1.Delay   X_X1.X1.Dak     
          IS  100.000000E-18    1.000000E-12   40.000000E-12 
          RS    5                .01                         
         CJO   50.000000E-12    5.000000E-12    5.000000E-12 


**** 06/16/20 12:56:47 ******* PSpice Lite (March 2016) ******* ID# 10813 ****

 ** Profile: "SCHEMATIC1-orcad14week7"  [ C:\Users\OHSEHOON\Desktop\pispice\orcad14week7-PSpiceFiles\SCHEMATIC1\orcad14week7.sim ] 


 ****     Voltage Controlled Switch MODEL PARAMETERS


******************************************************************************




               X_X1.X1.Vswitch 
         RON     .016964     
        ROFF   35.000000E+03 
         VON    5            
        VOFF    1.5          



          JOB CONCLUDED

**** 06/16/20 12:56:47 ******* PSpice Lite (March 2016) ******* ID# 10813 ****

 ** Profile: "SCHEMATIC1-orcad14week7"  [ C:\Users\OHSEHOON\Desktop\pispice\orcad14week7-PSpiceFiles\SCHEMATIC1\orcad14week7.sim ] 


 ****     JOB STATISTICS SUMMARY


******************************************************************************



  Total job time (using Solver 1)   =         .09
