
**** 06/10/20 13:43:09 ******* PSpice Lite (March 2016) ******* ID# 10813 ****

 ** Profile: "SCHEMATIC1-orcad13week4"  [ C:\Users\OHSEHOON\Desktop\pispice\orcad13week4-PSpiceFiles\SCHEMATIC1\orcad13week4.sim ] 


 ****     CIRCUIT DESCRIPTION


******************************************************************************




** Creating circuit file "orcad13week4.cir" 
** WARNING: THIS AUTOMATICALLY GENERATED FILE MAY BE OVERWRITTEN BY SUBSEQUENT SIMULATIONS

*Libraries: 
* Profile Libraries :
* Local Libraries :
.STMLIB "../../../orcad13week4-PSpiceFiles/ORCAD13WEEK4.stl" 
* From [PSPICE NETLIST] section of C:\Users\OHSEHOON\AppData\Roaming\SPB_Data\cdssetup\OrCAD_PSpice\17.2.0\PSpice.ini file:
.lib "nomd.lib" 

*Analysis directives: 
.TRAN  0 1200ns 0 
.OPTIONS ADVCONV
.PROBE64 V(alias(*)) I(alias(*)) W(alias(*)) D(alias(*)) NOISE(alias(*)) 
.INC "..\SCHEMATIC1.net" 



**** INCLUDING SCHEMATIC1.net ****
* source ORCAD13WEEK4
U_C1         STIM(1,0) $G_DPWR $G_DGND N01048 IO_STM STIMULUS=C
U_D1         STIM(1,0) $G_DPWR $G_DGND N01082 IO_STM STIMULUS=D
U_A1         STIM(1,0) $G_DPWR $G_DGND N00904 IO_STM STIMULUS=A
X_U6A         N01018 F $G_DPWR $G_DGND 7404 PARAMS:
+ IO_LEVEL=0 MNTYMXDLY=0
U_B1         STIM(1,0) $G_DPWR $G_DGND N00942 IO_STM STIMULUS=B
X_U7A         N00904 N00942 N00934 $G_DPWR $G_DGND 7400 PARAMS:
+ IO_LEVEL=0 MNTYMXDLY=0
X_U7B         N01048 N01082 N01026 $G_DPWR $G_DGND 7400 PARAMS:
+ IO_LEVEL=0 MNTYMXDLY=0
X_U7C         N00934 N01026 N01018 $G_DPWR $G_DGND 7400 PARAMS:
+ IO_LEVEL=0 MNTYMXDLY=0

**** RESUMING orcad13week4.cir ****
.END

* C:\Users\OHSEHOON\Desktop\pispice\orcad13week4-PSpiceFiles\ORCAD13WEEK4.stl written on Wed Jun 10 13:36:57 2020
* by Stimulus Editor -- Lite Version 17.2.0
;!Stimulus Get
;! A Digital B Digital C Digital D Digital
;!Ok
;!Plot Axis_Settings
;!Xrange 0s 4.8us
;!AutoUniverse
;!XminRes 1ns
;!YminRes 1n
;!Ok
.STIMULUS D STIM (1, 1) ;! CLOCKP 0.8u 0.4u 1 0
+   +0s 1
+   +400ns 0
+   Repeat Forever
+      +400ns 1
+      +400ns 0
+   EndRepeat
.STIMULUS C STIM (1, 1) ;! CLOCKP 400ns 200ns 1 0
+   +0s 1
+   +200ns 0
+   Repeat Forever
+      +200ns 1
+      +200ns 0
+   EndRepeat
.STIMULUS B STIM (1, 1) ;! CLOCKP 0.8u 0.4u 0 0
+   +0s 0
+   +400ns 1
+   Repeat Forever
+      +400ns 0
+      +400ns 1
+   EndRepeat
.STIMULUS A STIM (1, 1) ;! CLOCKP 1.2u 0.6u 0 0
+   +0s 0
+   +600ns 1
+   Repeat Forever
+      +600ns 0
+      +600ns 1
+   EndRepeat

**** 06/10/20 13:43:09 ******* PSpice Lite (March 2016) ******* ID# 10813 ****

 ** Profile: "SCHEMATIC1-orcad13week4"  [ C:\Users\OHSEHOON\Desktop\pispice\orcad13week4-PSpiceFiles\SCHEMATIC1\orcad13week4.sim ] 


 ****     Digital Gate MODEL PARAMETERS


******************************************************************************




               D_04            D_00            
      TPLHMN    4.800000E-09    4.400000E-09 
      TPLHTY   12.000000E-09   11.000000E-09 
      TPLHMX   22.000000E-09   22.000000E-09 
      TPHLMN    3.200000E-09    2.800000E-09 
      TPHLTY    8.000000E-09    7.000000E-09 
      TPHLMX   15.000000E-09   15.000000E-09 


**** 06/10/20 13:43:09 ******* PSpice Lite (March 2016) ******* ID# 10813 ****

 ** Profile: "SCHEMATIC1-orcad13week4"  [ C:\Users\OHSEHOON\Desktop\pispice\orcad13week4-PSpiceFiles\SCHEMATIC1\orcad13week4.sim ] 


 ****     Digital IO  MODEL PARAMETERS


******************************************************************************




               IO_STM          IO_STD          
        DRVL    0             104            
        DRVH    0              96.4          
       AtoD1                 AtoD_STD        
       AtoD2                 AtoD_STD_NX     
       AtoD3                 AtoD_STD        
       AtoD4                 AtoD_STD_NX     
       DtoA1 DtoA_STM        DtoA_STD        
       DtoA2 DtoA_STM        DtoA_STD        
       DtoA3 DtoA_STM        DtoA_STD        
       DtoA4 DtoA_STM        DtoA_STD        
      TSWHL1                    1.511000E-09 
      TSWHL2                    1.487000E-09 
      TSWHL3                    1.511000E-09 
      TSWHL4                    1.487000E-09 
      TSWLH1                    3.517000E-09 
      TSWLH2                    3.564000E-09 
      TSWLH3                    3.517000E-09 
      TSWLH4                    3.564000E-09 
       TPWRT  100.000000E+03  100.000000E+03 



          JOB CONCLUDED

**** 06/10/20 13:43:09 ******* PSpice Lite (March 2016) ******* ID# 10813 ****

 ** Profile: "SCHEMATIC1-orcad13week4"  [ C:\Users\OHSEHOON\Desktop\pispice\orcad13week4-PSpiceFiles\SCHEMATIC1\orcad13week4.sim ] 


 ****     JOB STATISTICS SUMMARY


******************************************************************************



  Total job time                    =         .09
