
**** 06/16/20 14:01:14 ******* PSpice Lite (March 2016) ******* ID# 10813 ****

 ** Profile: "SCHEMATIC1-orcad14week9"  [ C:\Users\OHSEHOON\Desktop\pispice\orcad14week9-PSpiceFiles\SCHEMATIC1\orcad14week9.sim ] 


 ****     CIRCUIT DESCRIPTION


******************************************************************************




** Creating circuit file "orcad14week9.cir" 
** WARNING: THIS AUTOMATICALLY GENERATED FILE MAY BE OVERWRITTEN BY SUBSEQUENT SIMULATIONS

*Libraries: 
* Profile Libraries :
* Local Libraries :
* From [PSPICE NETLIST] section of C:\Users\OHSEHOON\AppData\Roaming\SPB_Data\cdssetup\OrCAD_PSpice\17.2.0\PSpice.ini file:
.lib "nomd.lib" 

*Analysis directives: 
.TRAN  0 50m 0 
.OPTIONS ADVCONV
.PROBE64 V(alias(*)) I(alias(*)) W(alias(*)) D(alias(*)) NOISE(alias(*)) 
.INC "..\SCHEMATIC1.net" 



**** INCLUDING SCHEMATIC1.net ****
* source ORCAD14WEEK9
V_V1         N01127 0  
+SIN 0 70 60 0 0 0
D_D1         N01127 N01120 D1N4148 
R_R1         N01116 N01120  1k TC=0,0 
L_L1         0 N01116  10uH  

**** RESUMING orcad14week9.cir ****
.END

**** 06/16/20 14:01:14 ******* PSpice Lite (March 2016) ******* ID# 10813 ****

 ** Profile: "SCHEMATIC1-orcad14week9"  [ C:\Users\OHSEHOON\Desktop\pispice\orcad14week9-PSpiceFiles\SCHEMATIC1\orcad14week9.sim ] 


 ****     Diode MODEL PARAMETERS


******************************************************************************




               D1N4148         
          IS    2.682000E-09 
           N    1.836        
         ISR    1.565000E-09 
         IKF     .04417      
          BV  100            
         IBV  100.000000E-06 
          RS     .5664       
          TT   11.540000E-09 
         CJO    4.000000E-12 
          VJ     .5          
           M     .3333       


**** 06/16/20 14:01:14 ******* PSpice Lite (March 2016) ******* ID# 10813 ****

 ** Profile: "SCHEMATIC1-orcad14week9"  [ C:\Users\OHSEHOON\Desktop\pispice\orcad14week9-PSpiceFiles\SCHEMATIC1\orcad14week9.sim ] 


 ****     INITIAL TRANSIENT SOLUTION       TEMPERATURE =   27.000 DEG C


******************************************************************************



 NODE   VOLTAGE     NODE   VOLTAGE     NODE   VOLTAGE     NODE   VOLTAGE


(N01116)    0.0000 (N01120) 76.02E-24 (N01127)    0.0000 




    VOLTAGE SOURCE CURRENTS
    NAME         CURRENT

    V_V1        -7.602E-26

    TOTAL POWER DISSIPATION   0.00E+00  WATTS



          JOB CONCLUDED

**** 06/16/20 14:01:14 ******* PSpice Lite (March 2016) ******* ID# 10813 ****

 ** Profile: "SCHEMATIC1-orcad14week9"  [ C:\Users\OHSEHOON\Desktop\pispice\orcad14week9-PSpiceFiles\SCHEMATIC1\orcad14week9.sim ] 


 ****     JOB STATISTICS SUMMARY


******************************************************************************



  Total job time (using Solver 1)   =         .25
