
**** 06/10/20 17:35:24 ******* PSpice Lite (March 2016) ******* ID# 10813 ****

 ** Profile: "SCHEMATIC1-orcad13week11"  [ C:\Users\OHSEHOON\Desktop\pispice\orcad13week12-PSpiceFiles\SCHEMATIC1\orcad13week11.sim ]


 ****     CIRCUIT DESCRIPTION


******************************************************************************




** Creating circuit file "orcad13week11.cir" 
** WARNING: THIS AUTOMATICALLY GENERATED FILE MAY BE OVERWRITTEN BY SUBSEQUENT SIMULATIONS

*Libraries: 
* Profile Libraries :
* Local Libraries :
.STMLIB "../../../orcad13week12-PSpiceFiles/ORCAD13WEEK12.stl" 
* From [PSPICE NETLIST] section of C:\Users\OHSEHOON\AppData\Roaming\SPB_Data\cdssetup\OrCAD_PSpice\17.2.0\PSpice.ini file:
.lib "nomd.lib" 

*Analysis directives: 
.TRAN  0 1000ns 0 
.OPTIONS ADVCONV
.PROBE64 V(alias(*)) I(alias(*)) W(alias(*)) D(alias(*)) NOISE(alias(*)) 
.INC "..\SCHEMATIC1.net" 



**** INCLUDING SCHEMATIC1.net ****
* source ORCAD13WEEK12
U_J         STIM(1,0) $G_DPWR $G_DGND N03712 IO_STM STIMULUS=J
U_K         STIM(1,0) $G_DPWR $G_DGND N04335 IO_STM STIMULUS=K
U_SLR         STIM(1,0) $G_DPWR $G_DGND N04353 IO_STM STIMULUS=SLR
V_V1         N03848 0 5V
U_CP         STIM(1,1) $G_DPWR $G_DGND N04319 IO_STM IO_LEVEL=0 
+ 0 1
+ +0.1u 0
+REPEAT FOREVER
+ +0.1u 1
+  +0.1u 0
+ ENDREPEAT
X_U1A         N04319 N03848 N04353 N03712 N04335 Q -Q $G_DPWR $G_DGND 7476
+  PARAMS:
+ IO_LEVEL=0 MNTYMXDLY=0

**** RESUMING orcad13week11.cir ****
.END


**** Generated AtoD and DtoA Interfaces ****

*
* Analog/Digital interface for node N03848
*
* Moving X_U1A.UIBUF:IN1 from analog node N03848 to new digital node N03848$AtoD
X$N03848_AtoD1
+ N03848
+ N03848$AtoD
+ $G_DPWR
+ $G_DGND
+ AtoD_STD
+       PARAMS: CAPACITANCE=   0     
*
* Analog/Digital interface power supply subcircuits
*
X$DIGIFPWR 0 DIGIFPWR


* C:\USERS\OHSEHOON\DESKTOP\PISPICE\orcad13week12-PSpiceFiles\ORCAD13WEEK12.stl written on Wed Jun 10 17:35:19 2020
* by Stimulus Editor -- Lite Version 17.2.0
;!Stimulus Get
;! J Digital K Digital SLR Digital
;!Ok
;!Plot Axis_Settings
;!Xrange 0s 4us
;!AutoUniverse
;!XminRes 1ns
;!YminRes 1n
;!Ok
.STIMULUS SLR STIM (1, 1) ;! CLOCKP 1.0u 0.93u 0 0
+   +0s 0
+   +70ns 1
+   Repeat Forever
+      +930ns 0
+      +70ns 1
+   EndRepeat
.STIMULUS K STIM (1, 1) ;! CLOCKP 0.4u 0.2u 0 0
+   +0s 0
+   +200ns 1
+   Repeat Forever
+      +200ns 0
+      +200ns 1
+   EndRepeat
.STIMULUS J STIM (1, 1) ;! CLOCKP 0.8u 0.4u 1 0.2u
+   +0s 1
+   +200ns 0
+   Repeat Forever
+      +400ns 1
+      +400ns 0
+   EndRepeat

**** 06/10/20 17:35:24 ******* PSpice Lite (March 2016) ******* ID# 10813 ****

 ** Profile: "SCHEMATIC1-orcad13week11"  [ C:\Users\OHSEHOON\Desktop\pispice\orcad13week12-PSpiceFiles\SCHEMATIC1\orcad13week11.sim ]


 ****     Diode MODEL PARAMETERS


******************************************************************************




               D74CLMP         D74             
          IS    1.000000E-15  100.000000E-18 
          RS    2              25            
         CJO    2.000000E-12    2.000000E-12 


**** 06/10/20 17:35:24 ******* PSpice Lite (March 2016) ******* ID# 10813 ****

 ** Profile: "SCHEMATIC1-orcad13week11"  [ C:\Users\OHSEHOON\Desktop\pispice\orcad13week12-PSpiceFiles\SCHEMATIC1\orcad13week11.sim ]


 ****     BJT MODEL PARAMETERS


******************************************************************************




               Q74             
               NPN             
       LEVEL    1            
          IS  100.000000E-18 
          BF   49            
          NF    1            
         ISE  100.000000E-18 
          BR     .03         
          NR    1            
         ISC  400.000000E-18 
         ISS    0            
          RB   50            
          RE    0            
          RC   20            
         CJE    1.000000E-12 
         VJE     .9          
         MJE     .5          
         CJC  500.000000E-15 
         VJC     .8          
         MJC     .33         
        XCJC    1            
         CJS    3.000000E-12 
         VJS     .7          
         MJS     .33         
          TF  200.000000E-12 
          TR   10.000000E-09 
          KF    0            
          AF    1            
          CN    2.42         
           D     .87         


**** 06/10/20 17:35:24 ******* PSpice Lite (March 2016) ******* ID# 10813 ****

 ** Profile: "SCHEMATIC1-orcad13week11"  [ C:\Users\OHSEHOON\Desktop\pispice\orcad13week12-PSpiceFiles\SCHEMATIC1\orcad13week11.sim ]


 ****     Digital Output MODEL PARAMETERS


******************************************************************************




               DO74            
    TIMESTEP  100.000000E-12 
      S0NAME X               
       S0VHI    2            
       S0VLO     .8          
      S1NAME 0               
       S1VHI     .8          
       S1VLO   -1.5          
      S2NAME R               
       S2VHI    1.4          
       S2VLO     .8          
      S3NAME R               
       S3VHI    2            
       S3VLO    1.3          
      S4NAME X               
       S4VHI    2            
       S4VLO     .8          
      S5NAME 1               
       S5VHI    7            
       S5VLO    2            
      S6NAME F               
       S6VHI    2            
       S6VLO    1.3          
      S7NAME F               
       S7VHI    1.4          
       S7VLO     .8          


**** 06/10/20 17:35:24 ******* PSpice Lite (March 2016) ******* ID# 10813 ****

 ** Profile: "SCHEMATIC1-orcad13week11"  [ C:\Users\OHSEHOON\Desktop\pispice\orcad13week12-PSpiceFiles\SCHEMATIC1\orcad13week11.sim ]


 ****     Digital Gate MODEL PARAMETERS


******************************************************************************




               D0_GATE         D_76_4          D_76_3          
      TPLHMN    0               6.000000E-09    2.400000E-09 
      TPLHTY    0               6.000000E-09    6.000000E-09 
      TPLHMX    0               6.000000E-09    6.000000E-09 
      TPHLMN    0               0               2.400000E-09 
      TPHLTY    0               0               6.000000E-09 
      TPHLMX    0               0               6.000000E-09 


**** 06/10/20 17:35:24 ******* PSpice Lite (March 2016) ******* ID# 10813 ****

 ** Profile: "SCHEMATIC1-orcad13week11"  [ C:\Users\OHSEHOON\Desktop\pispice\orcad13week12-PSpiceFiles\SCHEMATIC1\orcad13week11.sim ]


 ****     Digital Gated FF MODEL PARAMETERS


******************************************************************************




               D_76_1          D_76_2          
    TPDQLHMN    0               0            
    TPDQLHTY    0               0            
    TPDQLHMX    0               0            
    TPDQHLMN    0               0            
    TPDQHLTY    0               0            
    TPDQHLMX    0               0            
    TPGQLHMN    0               4.000000E-09 
    TPGQLHTY    0              10.000000E-09 
    TPGQLHMX    0              19.000000E-09 
    TPGQHLMN    0               7.600000E-09 
    TPGQHLTY    0              19.000000E-09 
    TPGQHLMX    0              34.000000E-09 
   TPPCQLHMN    0               4.000000E-09 
   TPPCQLHTY    0              10.000000E-09 
   TPPCQLHMX    0              19.000000E-09 
   TPPCQHLMN    0               7.600000E-09 
   TPPCQHLTY    0              19.000000E-09 
   TPPCQHLMX    0              34.000000E-09 
      TWGHMN    0               0            
      TWGHTY   14.000000E-09   47.000000E-09 
      TWGHMX   14.000000E-09   47.000000E-09 
     TWPCLMN    0               0            
     TWPCLTY   25.000000E-09   25.000000E-09 
     TWPCLMX   25.000000E-09   25.000000E-09 
     TSUDGMN    0               0            
     TSUDGTY    0               0            
     TSUDGMX    0               0            
   TSUPCGHMN    0               0            
   TSUPCGHTY    0               0            
   TSUPCGHMX    0               0            
      THDGMN    0               0            
      THDGTY    0               0            
      THDGMX    0               0            
TIMING_SRDEL    0               0            
TIMING_CLKDEL    0               0            


**** 06/10/20 17:35:24 ******* PSpice Lite (March 2016) ******* ID# 10813 ****

 ** Profile: "SCHEMATIC1-orcad13week11"  [ C:\Users\OHSEHOON\Desktop\pispice\orcad13week12-PSpiceFiles\SCHEMATIC1\orcad13week11.sim ]


 ****     Digital IO  MODEL PARAMETERS


******************************************************************************




               IO_STM          IO_STD          
        DRVL    0             104            
        DRVH    0              96.4          
       AtoD1                 AtoD_STD        
       AtoD2                 AtoD_STD_NX     
       AtoD3                 AtoD_STD        
       AtoD4                 AtoD_STD_NX     
       DtoA1 DtoA_STM        DtoA_STD        
       DtoA2 DtoA_STM        DtoA_STD        
       DtoA3 DtoA_STM        DtoA_STD        
       DtoA4 DtoA_STM        DtoA_STD        
      TSWHL1                    1.511000E-09 
      TSWHL2                    1.487000E-09 
      TSWHL3                    1.511000E-09 
      TSWHL4                    1.487000E-09 
      TSWLH1                    3.517000E-09 
      TSWLH2                    3.564000E-09 
      TSWLH3                    3.517000E-09 
      TSWLH4                    3.564000E-09 
       TPWRT  100.000000E+03  100.000000E+03 


**** 06/10/20 17:35:24 ******* PSpice Lite (March 2016) ******* ID# 10813 ****

 ** Profile: "SCHEMATIC1-orcad13week11"  [ C:\Users\OHSEHOON\Desktop\pispice\orcad13week12-PSpiceFiles\SCHEMATIC1\orcad13week11.sim ]


 ****     INITIAL TRANSIENT SOLUTION       TEMPERATURE =   27.000 DEG C


******************************************************************************



 NODE   VOLTAGE     NODE   VOLTAGE     NODE   VOLTAGE     NODE   VOLTAGE


(N03848)    5.0000 ($G_DGND)    0.0000                   ($G_DPWR)    5.0000    

(X$N03848_AtoD1.1)    1.5648          (X$N03848_AtoD1.2)     .7824              

(X$N03848_AtoD1.3)    2.2862          



 DGTL NODE : STATE  DGTL NODE : STATE  DGTL NODE : STATE  DGTL NODE : STATE


(X_U1A.CLKBAR) : 0                    (X_U1A.PREBAR_BUF) : 1                    

(X_U1A.YB) : 1     (  N04335) : 0     (X_U1A.Q2D) : 0    (   $D_HI) : 1         

(N03848$AtoD) : 1  (X_U1A.CLK_BUF) : 1                   (X_U1A.J_BUF) : 1      

( X_U1A.Y) : 0     (  N04353) : 0     (  N03712) : 1     (      -Q) : 1         

(X_U1A.W1) : 1     (X_U1A.JB) : 0     (X_U1A.W2) : 0     (X_U1A.KB) : 1         

(X_U1A.QB2) : 1    (X_U1A.K_BUF) : 0  (  N04319) : 1     (X_U1A.Q2) : 0         

(X_U1A.QB2D) : 1   (X_U1A.CLRBAR_BUF) : 0                (       Q) : 0     




    VOLTAGE SOURCE CURRENTS
    NAME         CURRENT

    V_V1        -2.035E-05
    X$DIGIFPWR.VDPWR  -6.835E-04
    X$DIGIFPWR.VDGND   1.535E-05

    TOTAL POWER DISSIPATION   3.52E-03  WATTS



          JOB CONCLUDED

**** 06/10/20 17:35:24 ******* PSpice Lite (March 2016) ******* ID# 10813 ****

 ** Profile: "SCHEMATIC1-orcad13week11"  [ C:\Users\OHSEHOON\Desktop\pispice\orcad13week12-PSpiceFiles\SCHEMATIC1\orcad13week11.sim ]


 ****     JOB STATISTICS SUMMARY


******************************************************************************



  Total job time (using Solver 1)   =         .09
